LKP 7/SmsListenerApp/app/build/intermediates/manifest_merge_blame_file/debug/manifest-merger-blame-debug-report.txt
1<?xml version="1.0" encoding="utf-8"?>
2<manifest xmlns:android="http://schemas.android.com/apk/res/android"
3    package="com.example.smslistenerapp"
4    android:versionCode="1"
5    android:versionName="1.0" >
6
7    <uses-sdk
8        android:minSdkVersion="21"
8-->src\main\AndroidManifest.xml
9        android:targetSdkVersion="31" />
9-->src\main\AndroidManifest.xml
10
11    <uses-permission android:name="android.permission.RECEIVE_SMS" />
11-->src\main\AndroidManifest.xml:4:5-70
11-->src\main\AndroidManifest.xml:4:22-67
12    <uses-permission android:name="android.permission.READ_SMS" />
12-->src\main\AndroidManifest.xml:5:5-67
12-->src\main\AndroidManifest.xml:5:22-64
13
14    <application
14-->src\main\AndroidManifest.xml:6:5-35:19
15        android:allowBackup="true"
15-->src\main\AndroidManifest.xml:7:9-35
16        android:appComponentFactory="androidx.core.app.CoreComponentFactory"
16-->[androidx.core:core:1.5.0] AndroidManifest.xml:24:18-86
17        android:debuggable="true"
18        android:icon="@mipmap/ic_launcher"
18-->src\main\AndroidManifest.xml:8:9-43
19        android:label="@string/app_name"
19-->src\main\AndroidManifest.xml:9:9-41
20        android:roundIcon="@mipmap/ic_launcher_round"
20-->src\main\AndroidManifest.xml:10:9-54
21        android:supportsRtl="true"
21-->src\main\AndroidManifest.xml:11:9-35
22        android:testOnly="true"
23        android:theme="@style/Theme.SmsListenerApp" >
23-->src\main\AndroidManifest.xml:12:9-52
24        <receiver
24-->src\main\AndroidManifest.xml:13:9-21:20
25            android:name="com.example.smslistenerapp.SmsReceiver"
25-->src\main\AndroidManifest.xml:14:13-40
26            android:enabled="true"
26-->src\main\AndroidManifest.xml:15:13-35
27            android:exported="true" >
27-->src\main\AndroidManifest.xml:16:13-36
28            <intent-filter>
28-->src\main\AndroidManifest.xml:17:13-20:29
29                <action android:name="android.provider.Telephony.SMS_RECEIVED" />
29-->src\main\AndroidManifest.xml:18:13-19:74
29-->src\main\AndroidManifest.xml:19:17-71
30            </intent-filter>
31        </receiver>
32
33        <activity
33-->src\main\AndroidManifest.xml:23:9-25:55
34            android:name="com.example.smslistenerapp.SmsReceiverActivity"
34-->src\main\AndroidManifest.xml:24:13-48
35            android:theme="@style/SmsReceiverTheme" />
35-->src\main\AndroidManifest.xml:25:13-52
36        <activity
36-->src\main\AndroidManifest.xml:26:9-34:20
37            android:name="com.example.smslistenerapp.MainActivity"
37-->src\main\AndroidManifest.xml:27:13-41
38            android:exported="true" >
38-->src\main\AndroidManifest.xml:28:13-36
39            <intent-filter>
39-->src\main\AndroidManifest.xml:29:13-33:29
40                <action android:name="android.intent.action.MAIN" />
40-->src\main\AndroidManifest.xml:30:17-69
40-->src\main\AndroidManifest.xml:30:25-66
41
42                <category android:name="android.intent.category.LAUNCHER" />
42-->src\main\AndroidManifest.xml:32:17-77
42-->src\main\AndroidManifest.xml:32:27-74
43            </intent-filter>
44        </activity>
45    </application>
46
47</manifest>